@!@!@STARTMSG 2262:0 @!@!@
TLC2 Version 2.16 of 31 December 2020 (rev: cdddf55)
@!@!@ENDMSG 2262 @!@!@
@!@!@STARTMSG 2187:0 @!@!@
Running breadth-first search Model-Checking with fp 20 and seed 494760892172616678 with 4 workers on 8 cores with 508MB heap and 1142MB offheap memory [pid: 18501] (Linux 6.2.0-26-generic amd64, AdoptOpenJDK 14.0.1 x86_64, OffHeapDiskFPSet, DiskStateQueue).
@!@!@ENDMSG 2187 @!@!@
@!@!@STARTMSG 2220:0 @!@!@
Starting SANY...
@!@!@ENDMSG 2220 @!@!@
Parsing file /home/dario/tlatutorial/part1/part1.toolbox/Model_1/MC.tla
Parsing file /home/dario/tlatutorial/part1/part1.toolbox/Model_1/part1.tla
Labels added.
Parsing file /opt/TLA+Toolbox/plugins/org.lamport.tlatools_1.0.0.202012311918/tla2sany/StandardModules/TLC.tla
Parsing file /opt/TLA+Toolbox/plugins/org.lamport.tlatools_1.0.0.202012311918/tla2sany/StandardModules/Integers.tla
Parsing file /opt/TLA+Toolbox/plugins/org.lamport.tlatools_1.0.0.202012311918/tla2sany/StandardModules/Sequences.tla
Parsing file /opt/TLA+Toolbox/plugins/org.lamport.tlatools_1.0.0.202012311918/tla2sany/StandardModules/Naturals.tla
Parsing file /opt/TLA+Toolbox/plugins/org.lamport.tlatools_1.0.0.202012311918/tla2sany/StandardModules/FiniteSets.tla
Semantic processing of module Naturals
Semantic processing of module Integers
Semantic processing of module Sequences
Semantic processing of module FiniteSets
Semantic processing of module TLC
Semantic processing of module part1
Semantic processing of module MC
@!@!@STARTMSG 2219:0 @!@!@
SANY finished.
@!@!@ENDMSG 2219 @!@!@
@!@!@STARTMSG 2185:0 @!@!@
Starting... (2024-07-28 12:03:54)
@!@!@ENDMSG 2185 @!@!@
@!@!@STARTMSG 2281:1 @!@!@
The configuration file substitutes constant pairs with non-constant const_172216103393594000 - specifically: TLC encountered a non-enumerable quantifier bound
Int.
line 6, col 18 to line 6, col 20 of module MC
@!@!@ENDMSG 2281 @!@!@
@!@!@STARTMSG 2186:0 @!@!@
Finished in 526ms at (2024-07-28 12:03:54)
@!@!@ENDMSG 2186 @!@!@
